TN:
SF:src\components\AlbumList\index.js
FN:3,(anonymous_0)
FN:6,(anonymous_1)
FN:18,(anonymous_2)
FN:28,(anonymous_3)
FNF:4
FNH:3
FNDA:1,(anonymous_0)
FNDA:1,(anonymous_1)
FNDA:1,(anonymous_2)
FNDA:0,(anonymous_3)
DA:3,1
DA:4,1
DA:6,1
DA:7,1
DA:8,1
DA:9,0
DA:11,0
DA:13,1
DA:18,1
DA:19,1
DA:26,1
DA:29,0
LF:12
LH:9
BRF:0
BRH:0
end_of_record
TN:
SF:src\components\PhotoList\index.js
FN:3,(anonymous_0)
FN:6,(anonymous_1)
FN:18,(anonymous_2)
FN:27,(anonymous_3)
FNF:4
FNH:3
FNDA:1,(anonymous_0)
FNDA:1,(anonymous_1)
FNDA:1,(anonymous_2)
FNDA:0,(anonymous_3)
DA:3,1
DA:4,1
DA:6,1
DA:7,1
DA:8,1
DA:9,0
DA:11,0
DA:13,1
DA:18,1
DA:22,1
DA:25,1
DA:28,0
LF:12
LH:9
BRF:0
BRH:0
end_of_record
TN:
SF:src\components\UserList\index.js
FN:3,(anonymous_0)
FN:6,(anonymous_1)
FN:17,(anonymous_2)
FN:24,(anonymous_3)
FNF:4
FNH:3
FNDA:1,(anonymous_0)
FNDA:1,(anonymous_1)
FNDA:1,(anonymous_2)
FNDA:0,(anonymous_3)
DA:3,1
DA:4,1
DA:6,1
DA:7,1
DA:8,1
DA:9,0
DA:11,0
DA:13,1
DA:17,1
DA:18,1
DA:21,1
DA:25,0
LF:12
LH:9
BRF:0
BRH:0
end_of_record
